2014-08-01 18:21:03,554 - [INFO] - from play in pool-4-thread-2 
Listening for HTTP on /0:0:0:0:0:0:0:0:9000

2014-08-01 18:21:08,803 - [INFO] - from play in play-internal-execution-context-1 
Application started (Dev)

2014-08-01 18:21:10,337 - [DEBUG] - from application in play-akka.actor.default-dispatcher-2 
Returning a worksheet with id: 791851163

2014-08-01 18:22:51,428 - [INFO] - from play in play-internal-execution-context-1 
Application started (Dev)

2014-08-01 18:22:52,312 - [DEBUG] - from application in play-akka.actor.default-dispatcher-12 
Returning a worksheet with id: 1379269976

2014-08-01 18:27:33,873 - [ERROR] - from application in New I/O worker #5 


! @6j4929819 - Internal server error, for (GET) [/] ->

play.PlayExceptions$CompilationException: Compilation error[type mismatch;
 found   : Unit
 required: ModuleSystem.this.NodeType]
	at play.PlayExceptions$CompilationException$.apply(PlayExceptions.scala:27) ~[na:na]
	at play.PlayExceptions$CompilationException$.apply(PlayExceptions.scala:27) ~[na:na]
	at scala.Option.map(Option.scala:145) ~[scala-library-2.11.1.jar:na]
	at play.PlayReloader$$anon$1$$anonfun$play$PlayReloader$$anon$$taskFailureHandler$1.apply(PlayReloader.scala:297) ~[na:na]
	at play.PlayReloader$$anon$1$$anonfun$play$PlayReloader$$anon$$taskFailureHandler$1.apply(PlayReloader.scala:292) ~[na:na]
	at scala.Option.map(Option.scala:145) ~[scala-library-2.11.1.jar:na]
	at play.PlayReloader$$anon$1.play$PlayReloader$$anon$$taskFailureHandler(PlayReloader.scala:292) ~[na:na]
	at play.PlayReloader$$anon$1$$anonfun$reload$2.apply(PlayReloader.scala:325) ~[na:na]
	at play.PlayReloader$$anon$1$$anonfun$reload$2.apply(PlayReloader.scala:325) ~[na:na]
	at scala.util.Either$LeftProjection.map(Either.scala:377) ~[scala-library-2.11.1.jar:na]
	at play.PlayReloader$$anon$1.reload(PlayReloader.scala:325) ~[na:na]
	at play.core.ReloadableApplication$$anonfun$get$1.apply(ApplicationProvider.scala:107) ~[play_2.11-2.3.0.jar:2.3.0]
	at play.core.ReloadableApplication$$anonfun$get$1.apply(ApplicationProvider.scala:105) ~[play_2.11-2.3.0.jar:2.3.0]
	at scala.concurrent.impl.Future$PromiseCompletingRunnable.liftedTree1$1(Future.scala:24) ~[scala-library-2.11.1.jar:na]
	at scala.concurrent.impl.Future$PromiseCompletingRunnable.run(Future.scala:24) ~[scala-library-2.11.1.jar:na]
	at scala.concurrent.forkjoin.ForkJoinTask$AdaptedRunnableAction.exec(ForkJoinTask.java:1361) ~[scala-library-2.11.1.jar:na]
	at scala.concurrent.forkjoin.ForkJoinTask.doExec(ForkJoinTask.java:260) ~[scala-library-2.11.1.jar:na]
	at scala.concurrent.forkjoin.ForkJoinPool$WorkQueue.runTask(ForkJoinPool.java:1339) ~[scala-library-2.11.1.jar:na]
	at scala.concurrent.forkjoin.ForkJoinPool.runWorker(ForkJoinPool.java:1979) ~[scala-library-2.11.1.jar:na]
	at scala.concurrent.forkjoin.ForkJoinWorkerThread.run(ForkJoinWorkerThread.java:107) ~[scala-library-2.11.1.jar:na]

2014-08-01 18:28:02,260 - [INFO] - from play in play-internal-execution-context-1 
Application started (Dev)

2014-08-01 18:28:03,248 - [DEBUG] - from application in play-akka.actor.default-dispatcher-19 
Returning a worksheet with id: 226582927

2014-08-01 18:31:36,515 - [INFO] - from play in play-internal-execution-context-1 
Application started (Dev)

2014-08-01 18:31:37,369 - [DEBUG] - from application in play-akka.actor.default-dispatcher-25 
Returning a worksheet with id: 1119572471

2014-08-01 18:33:42,070 - [INFO] - from play in play-internal-execution-context-1 
Application started (Dev)

2014-08-01 18:33:43,150 - [INFO] - from play in play-internal-execution-context-1 
Application started (Dev)

2014-08-01 18:33:43,962 - [DEBUG] - from application in play-akka.actor.default-dispatcher-33 
Returning a worksheet with id: 500031066

2014-08-01 18:34:01,781 - [INFO] - from play in play-internal-execution-context-1 
Application started (Dev)

2014-08-01 18:34:02,965 - [DEBUG] - from application in play-akka.actor.default-dispatcher-31 
Returning a worksheet with id: 204088052

2014-08-01 18:34:57,450 - [INFO] - from play in play-internal-execution-context-1 
Application started (Dev)

2014-08-01 18:34:58,248 - [DEBUG] - from application in play-akka.actor.default-dispatcher-35 
Returning a worksheet with id: 1975931240

